<?xml version="1.0" encoding="UTF-8"?>
<testsuite name="com.example.be.hello.HelloControllerTest" tests="1" skipped="0" failures="0" errors="0" timestamp="2024-07-06T07:04:11" hostname="baedanbis-MacBook-Air.local" time="0.486">
  <properties/>
  <testcase name="hello()" classname="com.example.be.hello.HelloControllerTest" time="0.486"/>
  <system-out><![CDATA[16:04:11.043 [Test worker] INFO org.springframework.test.context.support.AnnotationConfigContextLoaderUtils -- Could not detect default configuration classes for test class [com.example.be.hello.HelloControllerTest]: HelloControllerTest does not declare any static, non-private, non-final, nested classes annotated with @Configuration.
16:04:11.111 [Test worker] INFO org.springframework.boot.test.context.SpringBootTestContextBootstrapper -- Found @SpringBootConfiguration com.example.be.BeApplication for test class com.example.be.hello.HelloControllerTest

  .   ____          _            __ _ _
 /\\ / ___'_ __ _ _(_)_ __  __ _ \ \ \ \
( ( )\___ | '_ | '_| | '_ \/ _` | \ \ \ \
 \\/  ___)| |_)| | | | | || (_| |  ) ) ) )
  '  |____| .__|_| |_|_| |_\__, | / / / /
 =========|_|==============|___/=/_/_/_/

 :: Spring Boot ::                (v3.3.1)

2024-07-06T16:04:11.275+09:00  INFO 96181 --- [be] [    Test worker] c.example.be.hello.HelloControllerTest   : Starting HelloControllerTest using Java 17.0.11 with PID 96181 (started by baedanbi in /Users/baedanbi/IdeaProjects/jenkins-sample/be)
2024-07-06T16:04:11.276+09:00  INFO 96181 --- [be] [    Test worker] c.example.be.hello.HelloControllerTest   : No active profile set, falling back to 1 default profile: "default"
2024-07-06T16:04:11.626+09:00  INFO 96181 --- [be] [    Test worker] o.s.b.t.m.w.SpringBootMockServletContext : Initializing Spring TestDispatcherServlet ''
2024-07-06T16:04:11.626+09:00  INFO 96181 --- [be] [    Test worker] o.s.t.web.servlet.TestDispatcherServlet  : Initializing Servlet ''
2024-07-06T16:04:11.627+09:00  INFO 96181 --- [be] [    Test worker] o.s.t.web.servlet.TestDispatcherServlet  : Completed initialization in 1 ms
2024-07-06T16:04:11.640+09:00  INFO 96181 --- [be] [    Test worker] c.example.be.hello.HelloControllerTest   : Started HelloControllerTest in 0.496 seconds (process running for 0.979)

MockHttpServletRequest:
      HTTP Method = GET
      Request URI = /hello/baesua
       Parameters = {}
          Headers = []
             Body = null
    Session Attrs = {}

Handler:
             Type = com.example.be.hello.HelloController
           Method = com.example.be.hello.HelloController#getHello(String)

Async:
    Async started = false
     Async result = null

Resolved Exception:
             Type = null

ModelAndView:
        View name = null
             View = null
            Model = null

FlashMap:
       Attributes = null

MockHttpServletResponse:
           Status = 200
    Error message = null
          Headers = [Content-Type:"application/json"]
     Content type = application/json
             Body = {"message":"안녕하십니까? baesua"}
    Forwarded URL = null
   Redirected URL = null
          Cookies = []
]]></system-out>
  <system-err><![CDATA[]]></system-err>
</testsuite>
